[19:44:18] training parameters: Namespace(train_file='/home/eason/ont/data/0318_seq/train_features_over.csv', valid_file='/home/eason/ont/data/0318_seq/test_features_over.csv', model_dir='/home/eason/ont/data/0318_seq/model_0001_over', model_type='Both_BiLSTM', seq_len=9, signal_len=16, num_combine_layers=2, num_pre_layers=2, num_classes=2, dropout=0.5, hidden_size=256, vocab_size=16, embedding_size=4, using_base=True, using_signal_len=True, optimizer='Adam', lr=0.0001, batch_size=512, num_epochs=10, pos_weight=1.0, seed=42, log_interval=100, pretrained_model=None, tmp_dir='./tmp')
[19:44:18] training start...
[19:44:18] Using GPU
[19:44:18] Loading data
[19:47:31] Loading model
[19:47:33] Training model
[19:47:33] Using optimizer: Adam
[19:47:33] Start training
[19:47:33] Train step: 2144
[19:48:03] Saved a new best model at epoch 0 with accuracy 0.5158
[19:48:03] Epoch [1/10], Step [100/2144], Train Loss: 0.6932, Valid Loss: 0.6931, Valid Accuracy: 0.5158, Valid Precision: 0.5336, Valid Recall: 0.0011
[19:48:33] Saved a new best model at epoch 0 with accuracy 0.6423
[19:48:33] Epoch [1/10], Step [200/2144], Train Loss: 0.6856, Valid Loss: 0.6642, Valid Accuracy: 0.6423, Valid Precision: 0.6633, Valid Recall: 0.5310
[19:49:03] Saved a new best model at epoch 0 with accuracy 0.6686
[19:49:03] Epoch [1/10], Step [300/2144], Train Loss: 0.6353, Valid Loss: 0.6247, Valid Accuracy: 0.6686, Valid Precision: 0.6878, Valid Recall: 0.5784
[19:49:33] Saved a new best model at epoch 0 with accuracy 0.7005
[19:49:33] Epoch [1/10], Step [400/2144], Train Loss: 0.6092, Valid Loss: 0.5996, Valid Accuracy: 0.7005, Valid Precision: 0.7124, Valid Recall: 0.6401
[19:50:03] Saved a new best model at epoch 0 with accuracy 0.7463
[19:50:03] Epoch [1/10], Step [500/2144], Train Loss: 0.5823, Valid Loss: 0.5590, Valid Accuracy: 0.7463, Valid Precision: 0.7588, Valid Recall: 0.6979
[19:50:34] Saved a new best model at epoch 0 with accuracy 0.7893
[19:50:34] Epoch [1/10], Step [600/2144], Train Loss: 0.5470, Valid Loss: 0.5187, Valid Accuracy: 0.7893, Valid Precision: 0.8029, Valid Recall: 0.7488
[19:51:04] Saved a new best model at epoch 0 with accuracy 0.8269
[19:51:04] Epoch [1/10], Step [700/2144], Train Loss: 0.5009, Valid Loss: 0.4579, Valid Accuracy: 0.8269, Valid Precision: 0.8480, Valid Recall: 0.7828
[19:51:34] Saved a new best model at epoch 0 with accuracy 0.9197
[19:51:34] Epoch [1/10], Step [800/2144], Train Loss: 0.4392, Valid Loss: 0.3912, Valid Accuracy: 0.9197, Valid Precision: 0.9151, Valid Recall: 0.9194
[19:52:04] Saved a new best model at epoch 0 with accuracy 0.9484
[19:52:04] Epoch [1/10], Step [900/2144], Train Loss: 0.3906, Valid Loss: 0.3647, Valid Accuracy: 0.9484, Valid Precision: 0.9559, Valid Recall: 0.9366
[19:52:34] Saved a new best model at epoch 0 with accuracy 0.9608
[19:52:34] Epoch [1/10], Step [1000/2144], Train Loss: 0.3699, Valid Loss: 0.3525, Valid Accuracy: 0.9608, Valid Precision: 0.9650, Valid Recall: 0.9536
[19:53:04] Saved a new best model at epoch 0 with accuracy 0.9648
[19:53:04] Epoch [1/10], Step [1100/2144], Train Loss: 0.3596, Valid Loss: 0.3484, Valid Accuracy: 0.9648, Valid Precision: 0.9709, Valid Recall: 0.9560
[19:53:34] Saved a new best model at epoch 0 with accuracy 0.9666
[19:53:34] Epoch [1/10], Step [1200/2144], Train Loss: 0.3546, Valid Loss: 0.3467, Valid Accuracy: 0.9666, Valid Precision: 0.9745, Valid Recall: 0.9560
[19:54:04] Saved a new best model at epoch 0 with accuracy 0.9686
[19:54:04] Epoch [1/10], Step [1300/2144], Train Loss: 0.3526, Valid Loss: 0.3448, Valid Accuracy: 0.9686, Valid Precision: 0.9777, Valid Recall: 0.9569
[19:54:34] Saved a new best model at epoch 0 with accuracy 0.9686
[19:54:34] Epoch [1/10], Step [1400/2144], Train Loss: 0.3507, Valid Loss: 0.3447, Valid Accuracy: 0.9686, Valid Precision: 0.9780, Valid Recall: 0.9567
[19:55:04] Epoch [1/10], Step [1500/2144], Train Loss: 0.3492, Valid Loss: 0.3459, Valid Accuracy: 0.9672, Valid Precision: 0.9738, Valid Recall: 0.9579
[19:55:34] Saved a new best model at epoch 0 with accuracy 0.9704
[19:55:34] Epoch [1/10], Step [1600/2144], Train Loss: 0.3489, Valid Loss: 0.3428, Valid Accuracy: 0.9704, Valid Precision: 0.9810, Valid Recall: 0.9575
[19:56:04] Saved a new best model at epoch 0 with accuracy 0.9710
[19:56:04] Epoch [1/10], Step [1700/2144], Train Loss: 0.3465, Valid Loss: 0.3422, Valid Accuracy: 0.9710, Valid Precision: 0.9821, Valid Recall: 0.9576
[19:56:35] Saved a new best model at epoch 0 with accuracy 0.9717
[19:56:35] Epoch [1/10], Step [1800/2144], Train Loss: 0.3464, Valid Loss: 0.3415, Valid Accuracy: 0.9717, Valid Precision: 0.9833, Valid Recall: 0.9579
[19:57:05] Saved a new best model at epoch 0 with accuracy 0.9718
[19:57:05] Epoch [1/10], Step [1900/2144], Train Loss: 0.3456, Valid Loss: 0.3415, Valid Accuracy: 0.9718, Valid Precision: 0.9832, Valid Recall: 0.9581
[19:57:35] Saved a new best model at epoch 0 with accuracy 0.9719
[19:57:35] Epoch [1/10], Step [2000/2144], Train Loss: 0.3444, Valid Loss: 0.3413, Valid Accuracy: 0.9719, Valid Precision: 0.9831, Valid Recall: 0.9585
[19:58:04] Epoch [1/10], Step [2100/2144], Train Loss: 0.3464, Valid Loss: 0.3415, Valid Accuracy: 0.9717, Valid Precision: 0.9827, Valid Recall: 0.9584
[19:58:32] Saved a new best model at epoch 0 with accuracy 0.9722
[19:58:32] Epoch [1/10], Step [2144/2144], Train Loss: 0.3453, Valid Loss: 0.3410, Valid Accuracy: 0.9722, Valid Precision: 0.9839, Valid Recall: 0.9582
[19:59:02] Saved a new best model at epoch 1 with accuracy 0.9724
[19:59:02] Epoch [2/10], Step [100/2144], Train Loss: 0.3447, Valid Loss: 0.3409, Valid Accuracy: 0.9724, Valid Precision: 0.9840, Valid Recall: 0.9585
[19:59:32] Saved a new best model at epoch 1 with accuracy 0.9726
[19:59:32] Epoch [2/10], Step [200/2144], Train Loss: 0.3451, Valid Loss: 0.3407, Valid Accuracy: 0.9726, Valid Precision: 0.9845, Valid Recall: 0.9584
[20:00:02] Saved a new best model at epoch 1 with accuracy 0.9727
[20:00:02] Epoch [2/10], Step [300/2144], Train Loss: 0.3428, Valid Loss: 0.3406, Valid Accuracy: 0.9727, Valid Precision: 0.9851, Valid Recall: 0.9581
[20:00:32] Saved a new best model at epoch 1 with accuracy 0.9728
[20:00:32] Epoch [2/10], Step [400/2144], Train Loss: 0.3446, Valid Loss: 0.3405, Valid Accuracy: 0.9728, Valid Precision: 0.9849, Valid Recall: 0.9585
[20:01:02] Epoch [2/10], Step [500/2144], Train Loss: 0.3437, Valid Loss: 0.3405, Valid Accuracy: 0.9727, Valid Precision: 0.9851, Valid Recall: 0.9582
[20:01:32] Saved a new best model at epoch 1 with accuracy 0.9730
[20:01:32] Epoch [2/10], Step [600/2144], Train Loss: 0.3429, Valid Loss: 0.3403, Valid Accuracy: 0.9730, Valid Precision: 0.9854, Valid Recall: 0.9584
[20:02:02] Saved a new best model at epoch 1 with accuracy 0.9730
[20:02:02] Epoch [2/10], Step [700/2144], Train Loss: 0.3439, Valid Loss: 0.3402, Valid Accuracy: 0.9730, Valid Precision: 0.9854, Valid Recall: 0.9585
[20:02:32] Epoch [2/10], Step [800/2144], Train Loss: 0.3435, Valid Loss: 0.3406, Valid Accuracy: 0.9727, Valid Precision: 0.9852, Valid Recall: 0.9579
[20:03:02] Saved a new best model at epoch 1 with accuracy 0.9731
[20:03:02] Epoch [2/10], Step [900/2144], Train Loss: 0.3423, Valid Loss: 0.3402, Valid Accuracy: 0.9731, Valid Precision: 0.9855, Valid Recall: 0.9586
[20:03:32] Epoch [2/10], Step [1000/2144], Train Loss: 0.3433, Valid Loss: 0.3402, Valid Accuracy: 0.9731, Valid Precision: 0.9854, Valid Recall: 0.9586
[20:04:02] Saved a new best model at epoch 1 with accuracy 0.9731
[20:04:02] Epoch [2/10], Step [1100/2144], Train Loss: 0.3420, Valid Loss: 0.3401, Valid Accuracy: 0.9731, Valid Precision: 0.9856, Valid Recall: 0.9586
[20:04:32] Epoch [2/10], Step [1200/2144], Train Loss: 0.3436, Valid Loss: 0.3401, Valid Accuracy: 0.9731, Valid Precision: 0.9856, Valid Recall: 0.9586
[20:05:01] Epoch [2/10], Step [1300/2144], Train Loss: 0.3415, Valid Loss: 0.3402, Valid Accuracy: 0.9730, Valid Precision: 0.9854, Valid Recall: 0.9585
[20:05:32] Saved a new best model at epoch 1 with accuracy 0.9732
[20:05:32] Epoch [2/10], Step [1400/2144], Train Loss: 0.3426, Valid Loss: 0.3400, Valid Accuracy: 0.9732, Valid Precision: 0.9857, Valid Recall: 0.9587
[20:06:01] Epoch [2/10], Step [1500/2144], Train Loss: 0.3429, Valid Loss: 0.3400, Valid Accuracy: 0.9732, Valid Precision: 0.9857, Valid Recall: 0.9587
[20:06:31] Saved a new best model at epoch 1 with accuracy 0.9732
[20:06:31] Epoch [2/10], Step [1600/2144], Train Loss: 0.3416, Valid Loss: 0.3400, Valid Accuracy: 0.9732, Valid Precision: 0.9857, Valid Recall: 0.9587
[20:07:01] Epoch [2/10], Step [1700/2144], Train Loss: 0.3420, Valid Loss: 0.3401, Valid Accuracy: 0.9731, Valid Precision: 0.9856, Valid Recall: 0.9586
[20:07:31] Epoch [2/10], Step [1800/2144], Train Loss: 0.3428, Valid Loss: 0.3402, Valid Accuracy: 0.9731, Valid Precision: 0.9856, Valid Recall: 0.9584
[20:08:01] Epoch [2/10], Step [1900/2144], Train Loss: 0.3415, Valid Loss: 0.3401, Valid Accuracy: 0.9732, Valid Precision: 0.9856, Valid Recall: 0.9587
[20:08:31] Epoch [2/10], Step [2000/2144], Train Loss: 0.3419, Valid Loss: 0.3400, Valid Accuracy: 0.9732, Valid Precision: 0.9856, Valid Recall: 0.9587
[20:09:00] Epoch [2/10], Step [2100/2144], Train Loss: 0.3428, Valid Loss: 0.3400, Valid Accuracy: 0.9732, Valid Precision: 0.9856, Valid Recall: 0.9587
[20:09:27] Epoch [2/10], Step [2144/2144], Train Loss: 0.3437, Valid Loss: 0.3400, Valid Accuracy: 0.9732, Valid Precision: 0.9856, Valid Recall: 0.9587
[20:09:57] Epoch [3/10], Step [100/2144], Train Loss: 0.3429, Valid Loss: 0.3400, Valid Accuracy: 0.9732, Valid Precision: 0.9857, Valid Recall: 0.9587
[20:10:27] Saved a new best model at epoch 2 with accuracy 0.9732
[20:10:27] Epoch [3/10], Step [200/2144], Train Loss: 0.3419, Valid Loss: 0.3400, Valid Accuracy: 0.9732, Valid Precision: 0.9857, Valid Recall: 0.9587
[20:10:57] Saved a new best model at epoch 2 with accuracy 0.9733
[20:10:57] Epoch [3/10], Step [300/2144], Train Loss: 0.3425, Valid Loss: 0.3400, Valid Accuracy: 0.9733, Valid Precision: 0.9857, Valid Recall: 0.9587
[20:11:27] Epoch [3/10], Step [400/2144], Train Loss: 0.3420, Valid Loss: 0.3400, Valid Accuracy: 0.9732, Valid Precision: 0.9857, Valid Recall: 0.9587
[20:11:56] Epoch [3/10], Step [500/2144], Train Loss: 0.3415, Valid Loss: 0.3400, Valid Accuracy: 0.9732, Valid Precision: 0.9857, Valid Recall: 0.9587
[20:12:27] Saved a new best model at epoch 2 with accuracy 0.9733
[20:12:27] Epoch [3/10], Step [600/2144], Train Loss: 0.3435, Valid Loss: 0.3400, Valid Accuracy: 0.9733, Valid Precision: 0.9857, Valid Recall: 0.9587
[20:12:56] Epoch [3/10], Step [700/2144], Train Loss: 0.3413, Valid Loss: 0.3400, Valid Accuracy: 0.9733, Valid Precision: 0.9857, Valid Recall: 0.9587
[20:13:26] Epoch [3/10], Step [800/2144], Train Loss: 0.3414, Valid Loss: 0.3400, Valid Accuracy: 0.9733, Valid Precision: 0.9857, Valid Recall: 0.9587
[20:13:56] Epoch [3/10], Step [900/2144], Train Loss: 0.3419, Valid Loss: 0.3400, Valid Accuracy: 0.9732, Valid Precision: 0.9857, Valid Recall: 0.9587
[20:14:26] Epoch [3/10], Step [1000/2144], Train Loss: 0.3413, Valid Loss: 0.3400, Valid Accuracy: 0.9732, Valid Precision: 0.9857, Valid Recall: 0.9587
[20:14:56] Epoch [3/10], Step [1100/2144], Train Loss: 0.3421, Valid Loss: 0.3400, Valid Accuracy: 0.9732, Valid Precision: 0.9857, Valid Recall: 0.9587
[20:15:25] Epoch [3/10], Step [1200/2144], Train Loss: 0.3412, Valid Loss: 0.3400, Valid Accuracy: 0.9733, Valid Precision: 0.9857, Valid Recall: 0.9587
[20:15:55] Epoch [3/10], Step [1300/2144], Train Loss: 0.3418, Valid Loss: 0.3400, Valid Accuracy: 0.9732, Valid Precision: 0.9857, Valid Recall: 0.9587
[20:16:25] Saved a new best model at epoch 2 with accuracy 0.9733
[20:16:25] Epoch [3/10], Step [1400/2144], Train Loss: 0.3410, Valid Loss: 0.3400, Valid Accuracy: 0.9733, Valid Precision: 0.9857, Valid Recall: 0.9587
[20:16:55] Epoch [3/10], Step [1500/2144], Train Loss: 0.3420, Valid Loss: 0.3400, Valid Accuracy: 0.9733, Valid Precision: 0.9857, Valid Recall: 0.9587
[20:17:25] Epoch [3/10], Step [1600/2144], Train Loss: 0.3428, Valid Loss: 0.3400, Valid Accuracy: 0.9733, Valid Precision: 0.9857, Valid Recall: 0.9587
[20:17:55] Epoch [3/10], Step [1700/2144], Train Loss: 0.3429, Valid Loss: 0.3400, Valid Accuracy: 0.9733, Valid Precision: 0.9857, Valid Recall: 0.9587
[20:18:25] Epoch [3/10], Step [1800/2144], Train Loss: 0.3427, Valid Loss: 0.3400, Valid Accuracy: 0.9733, Valid Precision: 0.9857, Valid Recall: 0.9587
[20:18:54] Epoch [3/10], Step [1900/2144], Train Loss: 0.3420, Valid Loss: 0.3400, Valid Accuracy: 0.9733, Valid Precision: 0.9857, Valid Recall: 0.9587
[20:19:25] Saved a new best model at epoch 2 with accuracy 0.9733
[20:19:25] Epoch [3/10], Step [2000/2144], Train Loss: 0.3417, Valid Loss: 0.3400, Valid Accuracy: 0.9733, Valid Precision: 0.9857, Valid Recall: 0.9587
[20:19:54] Epoch [3/10], Step [2100/2144], Train Loss: 0.3414, Valid Loss: 0.3400, Valid Accuracy: 0.9733, Valid Precision: 0.9857, Valid Recall: 0.9587
[20:20:21] Epoch [3/10], Step [2144/2144], Train Loss: 0.3435, Valid Loss: 0.3400, Valid Accuracy: 0.9732, Valid Precision: 0.9857, Valid Recall: 0.9587
[20:20:51] Epoch [4/10], Step [100/2144], Train Loss: 0.3425, Valid Loss: 0.3400, Valid Accuracy: 0.9733, Valid Precision: 0.9857, Valid Recall: 0.9587
[20:21:21] Epoch [4/10], Step [200/2144], Train Loss: 0.3421, Valid Loss: 0.3400, Valid Accuracy: 0.9732, Valid Precision: 0.9857, Valid Recall: 0.9586
[20:21:51] Epoch [4/10], Step [300/2144], Train Loss: 0.3427, Valid Loss: 0.3400, Valid Accuracy: 0.9732, Valid Precision: 0.9857, Valid Recall: 0.9587
[20:22:20] Epoch [4/10], Step [400/2144], Train Loss: 0.3415, Valid Loss: 0.3400, Valid Accuracy: 0.9733, Valid Precision: 0.9857, Valid Recall: 0.9587
[20:22:50] Epoch [4/10], Step [500/2144], Train Loss: 0.3415, Valid Loss: 0.3400, Valid Accuracy: 0.9732, Valid Precision: 0.9857, Valid Recall: 0.9587
[20:23:20] Epoch [4/10], Step [600/2144], Train Loss: 0.3428, Valid Loss: 0.3400, Valid Accuracy: 0.9733, Valid Precision: 0.9857, Valid Recall: 0.9587
[20:23:50] Epoch [4/10], Step [700/2144], Train Loss: 0.3426, Valid Loss: 0.3400, Valid Accuracy: 0.9732, Valid Precision: 0.9857, Valid Recall: 0.9587
[20:24:20] Epoch [4/10], Step [800/2144], Train Loss: 0.3425, Valid Loss: 0.3400, Valid Accuracy: 0.9733, Valid Precision: 0.9857, Valid Recall: 0.9587
[20:24:49] Epoch [4/10], Step [900/2144], Train Loss: 0.3412, Valid Loss: 0.3400, Valid Accuracy: 0.9733, Valid Precision: 0.9857, Valid Recall: 0.9587
[20:25:19] Epoch [4/10], Step [1000/2144], Train Loss: 0.3419, Valid Loss: 0.3400, Valid Accuracy: 0.9733, Valid Precision: 0.9857, Valid Recall: 0.9587
[20:25:49] Epoch [4/10], Step [1100/2144], Train Loss: 0.3427, Valid Loss: 0.3400, Valid Accuracy: 0.9733, Valid Precision: 0.9857, Valid Recall: 0.9587
[20:26:19] Epoch [4/10], Step [1200/2144], Train Loss: 0.3404, Valid Loss: 0.3400, Valid Accuracy: 0.9733, Valid Precision: 0.9857, Valid Recall: 0.9587
[20:26:49] Epoch [4/10], Step [1300/2144], Train Loss: 0.3413, Valid Loss: 0.3400, Valid Accuracy: 0.9733, Valid Precision: 0.9857, Valid Recall: 0.9587
[20:27:03] Epoch [4/10], Step [1400/2144], Train Loss: 0.3412, Valid Loss: 0.3400, Valid Accuracy: 0.9733, Valid Precision: 0.9857, Valid Recall: 0.9587
[20:27:17] Epoch [4/10], Step [1500/2144], Train Loss: 0.3413, Valid Loss: 0.3400, Valid Accuracy: 0.9733, Valid Precision: 0.9857, Valid Recall: 0.9587
[20:27:30] Epoch [4/10], Step [1600/2144], Train Loss: 0.3415, Valid Loss: 0.3400, Valid Accuracy: 0.9733, Valid Precision: 0.9857, Valid Recall: 0.9587
[20:27:43] Epoch [4/10], Step [1700/2144], Train Loss: 0.3435, Valid Loss: 0.3400, Valid Accuracy: 0.9733, Valid Precision: 0.9857, Valid Recall: 0.9587
[20:27:56] Epoch [4/10], Step [1800/2144], Train Loss: 0.3418, Valid Loss: 0.3400, Valid Accuracy: 0.9733, Valid Precision: 0.9857, Valid Recall: 0.9587
[20:28:10] Epoch [4/10], Step [1900/2144], Train Loss: 0.3421, Valid Loss: 0.3400, Valid Accuracy: 0.9733, Valid Precision: 0.9857, Valid Recall: 0.9587
[20:28:23] Epoch [4/10], Step [2000/2144], Train Loss: 0.3413, Valid Loss: 0.3400, Valid Accuracy: 0.9733, Valid Precision: 0.9857, Valid Recall: 0.9587
[20:28:36] Epoch [4/10], Step [2100/2144], Train Loss: 0.3424, Valid Loss: 0.3400, Valid Accuracy: 0.9733, Valid Precision: 0.9857, Valid Recall: 0.9587
[20:28:48] Epoch [4/10], Step [2144/2144], Train Loss: 0.3426, Valid Loss: 0.3400, Valid Accuracy: 0.9733, Valid Precision: 0.9857, Valid Recall: 0.9587
[20:29:01] Epoch [5/10], Step [100/2144], Train Loss: 0.3430, Valid Loss: 0.3400, Valid Accuracy: 0.9733, Valid Precision: 0.9857, Valid Recall: 0.9587
[20:29:14] Epoch [5/10], Step [200/2144], Train Loss: 0.3421, Valid Loss: 0.3400, Valid Accuracy: 0.9733, Valid Precision: 0.9857, Valid Recall: 0.9587
[20:29:28] Saved a new best model at epoch 4 with accuracy 0.9733
[20:29:28] Epoch [5/10], Step [300/2144], Train Loss: 0.3429, Valid Loss: 0.3400, Valid Accuracy: 0.9733, Valid Precision: 0.9857, Valid Recall: 0.9587
[20:29:41] Epoch [5/10], Step [400/2144], Train Loss: 0.3416, Valid Loss: 0.3400, Valid Accuracy: 0.9733, Valid Precision: 0.9857, Valid Recall: 0.9587
[20:29:54] Epoch [5/10], Step [500/2144], Train Loss: 0.3415, Valid Loss: 0.3400, Valid Accuracy: 0.9733, Valid Precision: 0.9857, Valid Recall: 0.9587
[20:30:07] Epoch [5/10], Step [600/2144], Train Loss: 0.3414, Valid Loss: 0.3400, Valid Accuracy: 0.9733, Valid Precision: 0.9857, Valid Recall: 0.9587
[20:30:21] Epoch [5/10], Step [700/2144], Train Loss: 0.3424, Valid Loss: 0.3400, Valid Accuracy: 0.9733, Valid Precision: 0.9857, Valid Recall: 0.9587
[20:30:34] Epoch [5/10], Step [800/2144], Train Loss: 0.3403, Valid Loss: 0.3400, Valid Accuracy: 0.9733, Valid Precision: 0.9857, Valid Recall: 0.9587
[20:30:47] Epoch [5/10], Step [900/2144], Train Loss: 0.3414, Valid Loss: 0.3400, Valid Accuracy: 0.9733, Valid Precision: 0.9857, Valid Recall: 0.9587
[20:31:00] Epoch [5/10], Step [1000/2144], Train Loss: 0.3415, Valid Loss: 0.3400, Valid Accuracy: 0.9733, Valid Precision: 0.9857, Valid Recall: 0.9587
[20:31:14] Epoch [5/10], Step [1100/2144], Train Loss: 0.3429, Valid Loss: 0.3400, Valid Accuracy: 0.9733, Valid Precision: 0.9857, Valid Recall: 0.9587
[20:31:27] Epoch [5/10], Step [1200/2144], Train Loss: 0.3421, Valid Loss: 0.3400, Valid Accuracy: 0.9733, Valid Precision: 0.9857, Valid Recall: 0.9587
[20:31:40] Epoch [5/10], Step [1300/2144], Train Loss: 0.3427, Valid Loss: 0.3400, Valid Accuracy: 0.9733, Valid Precision: 0.9857, Valid Recall: 0.9587
[20:31:54] Epoch [5/10], Step [1400/2144], Train Loss: 0.3412, Valid Loss: 0.3400, Valid Accuracy: 0.9733, Valid Precision: 0.9857, Valid Recall: 0.9587
[20:32:07] Epoch [5/10], Step [1500/2144], Train Loss: 0.3417, Valid Loss: 0.3400, Valid Accuracy: 0.9733, Valid Precision: 0.9857, Valid Recall: 0.9587
[20:32:20] Epoch [5/10], Step [1600/2144], Train Loss: 0.3414, Valid Loss: 0.3400, Valid Accuracy: 0.9733, Valid Precision: 0.9857, Valid Recall: 0.9587
[20:32:33] Epoch [5/10], Step [1700/2144], Train Loss: 0.3414, Valid Loss: 0.3400, Valid Accuracy: 0.9733, Valid Precision: 0.9857, Valid Recall: 0.9587
[20:32:47] Epoch [5/10], Step [1800/2144], Train Loss: 0.3419, Valid Loss: 0.3400, Valid Accuracy: 0.9733, Valid Precision: 0.9857, Valid Recall: 0.9587
[20:33:00] Epoch [5/10], Step [1900/2144], Train Loss: 0.3424, Valid Loss: 0.3400, Valid Accuracy: 0.9733, Valid Precision: 0.9857, Valid Recall: 0.9587
[20:33:13] Epoch [5/10], Step [2000/2144], Train Loss: 0.3421, Valid Loss: 0.3400, Valid Accuracy: 0.9733, Valid Precision: 0.9857, Valid Recall: 0.9587
[20:33:26] Epoch [5/10], Step [2100/2144], Train Loss: 0.3417, Valid Loss: 0.3400, Valid Accuracy: 0.9733, Valid Precision: 0.9857, Valid Recall: 0.9587
[20:33:38] Epoch [5/10], Step [2144/2144], Train Loss: 0.3431, Valid Loss: 0.3400, Valid Accuracy: 0.9733, Valid Precision: 0.9857, Valid Recall: 0.9587
[20:33:51] Epoch [6/10], Step [100/2144], Train Loss: 0.3412, Valid Loss: 0.3400, Valid Accuracy: 0.9733, Valid Precision: 0.9857, Valid Recall: 0.9587
[20:34:05] Epoch [6/10], Step [200/2144], Train Loss: 0.3426, Valid Loss: 0.3400, Valid Accuracy: 0.9733, Valid Precision: 0.9857, Valid Recall: 0.9587
[20:34:18] Epoch [6/10], Step [300/2144], Train Loss: 0.3417, Valid Loss: 0.3400, Valid Accuracy: 0.9733, Valid Precision: 0.9857, Valid Recall: 0.9587
[20:34:31] Epoch [6/10], Step [400/2144], Train Loss: 0.3421, Valid Loss: 0.3400, Valid Accuracy: 0.9733, Valid Precision: 0.9857, Valid Recall: 0.9587
[20:34:44] Epoch [6/10], Step [500/2144], Train Loss: 0.3422, Valid Loss: 0.3400, Valid Accuracy: 0.9733, Valid Precision: 0.9857, Valid Recall: 0.9587
[20:34:57] Epoch [6/10], Step [600/2144], Train Loss: 0.3427, Valid Loss: 0.3400, Valid Accuracy: 0.9733, Valid Precision: 0.9857, Valid Recall: 0.9587
[20:35:11] Epoch [6/10], Step [700/2144], Train Loss: 0.3417, Valid Loss: 0.3400, Valid Accuracy: 0.9733, Valid Precision: 0.9857, Valid Recall: 0.9587
[20:35:24] Epoch [6/10], Step [800/2144], Train Loss: 0.3422, Valid Loss: 0.3400, Valid Accuracy: 0.9733, Valid Precision: 0.9857, Valid Recall: 0.9587
[20:35:37] Epoch [6/10], Step [900/2144], Train Loss: 0.3418, Valid Loss: 0.3400, Valid Accuracy: 0.9733, Valid Precision: 0.9857, Valid Recall: 0.9587
[20:35:50] Epoch [6/10], Step [1000/2144], Train Loss: 0.3416, Valid Loss: 0.3400, Valid Accuracy: 0.9733, Valid Precision: 0.9857, Valid Recall: 0.9587
[20:36:03] Epoch [6/10], Step [1100/2144], Train Loss: 0.3422, Valid Loss: 0.3400, Valid Accuracy: 0.9733, Valid Precision: 0.9857, Valid Recall: 0.9587
[20:36:16] Epoch [6/10], Step [1200/2144], Train Loss: 0.3414, Valid Loss: 0.3400, Valid Accuracy: 0.9733, Valid Precision: 0.9857, Valid Recall: 0.9587
[20:36:29] Epoch [6/10], Step [1300/2144], Train Loss: 0.3428, Valid Loss: 0.3400, Valid Accuracy: 0.9733, Valid Precision: 0.9857, Valid Recall: 0.9587
[20:36:42] Epoch [6/10], Step [1400/2144], Train Loss: 0.3417, Valid Loss: 0.3400, Valid Accuracy: 0.9733, Valid Precision: 0.9857, Valid Recall: 0.9587
[20:36:55] Epoch [6/10], Step [1500/2144], Train Loss: 0.3422, Valid Loss: 0.3400, Valid Accuracy: 0.9733, Valid Precision: 0.9857, Valid Recall: 0.9587
[20:37:08] Epoch [6/10], Step [1600/2144], Train Loss: 0.3417, Valid Loss: 0.3400, Valid Accuracy: 0.9733, Valid Precision: 0.9857, Valid Recall: 0.9587
[20:37:22] Epoch [6/10], Step [1700/2144], Train Loss: 0.3429, Valid Loss: 0.3400, Valid Accuracy: 0.9733, Valid Precision: 0.9857, Valid Recall: 0.9587
[20:37:35] Epoch [6/10], Step [1800/2144], Train Loss: 0.3418, Valid Loss: 0.3400, Valid Accuracy: 0.9733, Valid Precision: 0.9857, Valid Recall: 0.9587
[20:37:48] Epoch [6/10], Step [1900/2144], Train Loss: 0.3411, Valid Loss: 0.3400, Valid Accuracy: 0.9733, Valid Precision: 0.9857, Valid Recall: 0.9587
[20:38:01] Epoch [6/10], Step [2000/2144], Train Loss: 0.3415, Valid Loss: 0.3400, Valid Accuracy: 0.9733, Valid Precision: 0.9857, Valid Recall: 0.9587
[20:38:14] Epoch [6/10], Step [2100/2144], Train Loss: 0.3411, Valid Loss: 0.3400, Valid Accuracy: 0.9733, Valid Precision: 0.9857, Valid Recall: 0.9587
[20:38:26] Epoch [6/10], Step [2144/2144], Train Loss: 0.3414, Valid Loss: 0.3400, Valid Accuracy: 0.9733, Valid Precision: 0.9857, Valid Recall: 0.9587
[20:38:39] Epoch [7/10], Step [100/2144], Train Loss: 0.3404, Valid Loss: 0.3400, Valid Accuracy: 0.9733, Valid Precision: 0.9857, Valid Recall: 0.9587
[20:38:52] Epoch [7/10], Step [200/2144], Train Loss: 0.3420, Valid Loss: 0.3400, Valid Accuracy: 0.9733, Valid Precision: 0.9857, Valid Recall: 0.9587
[20:39:05] Epoch [7/10], Step [300/2144], Train Loss: 0.3416, Valid Loss: 0.3400, Valid Accuracy: 0.9733, Valid Precision: 0.9857, Valid Recall: 0.9587
[20:39:18] Epoch [7/10], Step [400/2144], Train Loss: 0.3423, Valid Loss: 0.3400, Valid Accuracy: 0.9733, Valid Precision: 0.9857, Valid Recall: 0.9587
[20:39:31] Epoch [7/10], Step [500/2144], Train Loss: 0.3417, Valid Loss: 0.3400, Valid Accuracy: 0.9733, Valid Precision: 0.9857, Valid Recall: 0.9587
[20:39:44] Epoch [7/10], Step [600/2144], Train Loss: 0.3433, Valid Loss: 0.3400, Valid Accuracy: 0.9733, Valid Precision: 0.9857, Valid Recall: 0.9587
[20:39:58] Epoch [7/10], Step [700/2144], Train Loss: 0.3427, Valid Loss: 0.3400, Valid Accuracy: 0.9733, Valid Precision: 0.9857, Valid Recall: 0.9587
[20:40:11] Epoch [7/10], Step [800/2144], Train Loss: 0.3423, Valid Loss: 0.3400, Valid Accuracy: 0.9733, Valid Precision: 0.9857, Valid Recall: 0.9587
[20:40:24] Epoch [7/10], Step [900/2144], Train Loss: 0.3427, Valid Loss: 0.3400, Valid Accuracy: 0.9733, Valid Precision: 0.9857, Valid Recall: 0.9587
[20:40:37] Epoch [7/10], Step [1000/2144], Train Loss: 0.3418, Valid Loss: 0.3400, Valid Accuracy: 0.9733, Valid Precision: 0.9857, Valid Recall: 0.9587
[20:40:50] Epoch [7/10], Step [1100/2144], Train Loss: 0.3419, Valid Loss: 0.3400, Valid Accuracy: 0.9733, Valid Precision: 0.9857, Valid Recall: 0.9587
[20:41:03] Epoch [7/10], Step [1200/2144], Train Loss: 0.3406, Valid Loss: 0.3400, Valid Accuracy: 0.9733, Valid Precision: 0.9857, Valid Recall: 0.9587
[20:41:16] Epoch [7/10], Step [1300/2144], Train Loss: 0.3422, Valid Loss: 0.3400, Valid Accuracy: 0.9733, Valid Precision: 0.9857, Valid Recall: 0.9587
[20:41:30] Epoch [7/10], Step [1400/2144], Train Loss: 0.3419, Valid Loss: 0.3400, Valid Accuracy: 0.9733, Valid Precision: 0.9857, Valid Recall: 0.9587
[20:41:43] Epoch [7/10], Step [1500/2144], Train Loss: 0.3422, Valid Loss: 0.3400, Valid Accuracy: 0.9733, Valid Precision: 0.9857, Valid Recall: 0.9587
[20:41:56] Epoch [7/10], Step [1600/2144], Train Loss: 0.3407, Valid Loss: 0.3400, Valid Accuracy: 0.9733, Valid Precision: 0.9857, Valid Recall: 0.9587
[20:42:09] Epoch [7/10], Step [1700/2144], Train Loss: 0.3421, Valid Loss: 0.3400, Valid Accuracy: 0.9733, Valid Precision: 0.9857, Valid Recall: 0.9587
[20:42:22] Epoch [7/10], Step [1800/2144], Train Loss: 0.3415, Valid Loss: 0.3400, Valid Accuracy: 0.9733, Valid Precision: 0.9857, Valid Recall: 0.9587
[20:42:35] Epoch [7/10], Step [1900/2144], Train Loss: 0.3411, Valid Loss: 0.3400, Valid Accuracy: 0.9733, Valid Precision: 0.9857, Valid Recall: 0.9587
[20:42:48] Epoch [7/10], Step [2000/2144], Train Loss: 0.3428, Valid Loss: 0.3400, Valid Accuracy: 0.9733, Valid Precision: 0.9857, Valid Recall: 0.9587
[20:43:01] Epoch [7/10], Step [2100/2144], Train Loss: 0.3425, Valid Loss: 0.3400, Valid Accuracy: 0.9733, Valid Precision: 0.9857, Valid Recall: 0.9587
[20:43:13] Epoch [7/10], Step [2144/2144], Train Loss: 0.3409, Valid Loss: 0.3400, Valid Accuracy: 0.9733, Valid Precision: 0.9857, Valid Recall: 0.9587
[20:43:26] Epoch [8/10], Step [100/2144], Train Loss: 0.3408, Valid Loss: 0.3400, Valid Accuracy: 0.9733, Valid Precision: 0.9857, Valid Recall: 0.9587
[20:43:39] Epoch [8/10], Step [200/2144], Train Loss: 0.3420, Valid Loss: 0.3400, Valid Accuracy: 0.9733, Valid Precision: 0.9857, Valid Recall: 0.9587
[20:43:52] Epoch [8/10], Step [300/2144], Train Loss: 0.3419, Valid Loss: 0.3400, Valid Accuracy: 0.9733, Valid Precision: 0.9857, Valid Recall: 0.9587
[20:44:05] Epoch [8/10], Step [400/2144], Train Loss: 0.3402, Valid Loss: 0.3400, Valid Accuracy: 0.9733, Valid Precision: 0.9857, Valid Recall: 0.9587
[20:44:19] Epoch [8/10], Step [500/2144], Train Loss: 0.3416, Valid Loss: 0.3400, Valid Accuracy: 0.9733, Valid Precision: 0.9857, Valid Recall: 0.9587
[20:44:32] Epoch [8/10], Step [600/2144], Train Loss: 0.3423, Valid Loss: 0.3400, Valid Accuracy: 0.9733, Valid Precision: 0.9857, Valid Recall: 0.9587
[20:44:45] Epoch [8/10], Step [700/2144], Train Loss: 0.3415, Valid Loss: 0.3400, Valid Accuracy: 0.9733, Valid Precision: 0.9857, Valid Recall: 0.9587
[20:44:58] Epoch [8/10], Step [800/2144], Train Loss: 0.3425, Valid Loss: 0.3400, Valid Accuracy: 0.9733, Valid Precision: 0.9857, Valid Recall: 0.9587
[20:45:11] Epoch [8/10], Step [900/2144], Train Loss: 0.3417, Valid Loss: 0.3400, Valid Accuracy: 0.9733, Valid Precision: 0.9857, Valid Recall: 0.9587
[20:45:24] Epoch [8/10], Step [1000/2144], Train Loss: 0.3420, Valid Loss: 0.3400, Valid Accuracy: 0.9733, Valid Precision: 0.9857, Valid Recall: 0.9587
[20:45:37] Epoch [8/10], Step [1100/2144], Train Loss: 0.3423, Valid Loss: 0.3400, Valid Accuracy: 0.9733, Valid Precision: 0.9857, Valid Recall: 0.9587
[20:45:51] Epoch [8/10], Step [1200/2144], Train Loss: 0.3423, Valid Loss: 0.3400, Valid Accuracy: 0.9733, Valid Precision: 0.9857, Valid Recall: 0.9587
[20:46:04] Epoch [8/10], Step [1300/2144], Train Loss: 0.3411, Valid Loss: 0.3400, Valid Accuracy: 0.9733, Valid Precision: 0.9857, Valid Recall: 0.9587
[20:46:17] Epoch [8/10], Step [1400/2144], Train Loss: 0.3429, Valid Loss: 0.3400, Valid Accuracy: 0.9733, Valid Precision: 0.9857, Valid Recall: 0.9587
[20:46:30] Epoch [8/10], Step [1500/2144], Train Loss: 0.3418, Valid Loss: 0.3400, Valid Accuracy: 0.9733, Valid Precision: 0.9857, Valid Recall: 0.9587
[20:46:43] Epoch [8/10], Step [1600/2144], Train Loss: 0.3411, Valid Loss: 0.3400, Valid Accuracy: 0.9733, Valid Precision: 0.9857, Valid Recall: 0.9587
[20:46:56] Epoch [8/10], Step [1700/2144], Train Loss: 0.3419, Valid Loss: 0.3400, Valid Accuracy: 0.9733, Valid Precision: 0.9857, Valid Recall: 0.9587
[20:47:09] Epoch [8/10], Step [1800/2144], Train Loss: 0.3426, Valid Loss: 0.3400, Valid Accuracy: 0.9733, Valid Precision: 0.9857, Valid Recall: 0.9587
[20:47:22] Epoch [8/10], Step [1900/2144], Train Loss: 0.3434, Valid Loss: 0.3400, Valid Accuracy: 0.9733, Valid Precision: 0.9857, Valid Recall: 0.9587
[20:47:35] Epoch [8/10], Step [2000/2144], Train Loss: 0.3421, Valid Loss: 0.3400, Valid Accuracy: 0.9733, Valid Precision: 0.9857, Valid Recall: 0.9587
[20:47:49] Epoch [8/10], Step [2100/2144], Train Loss: 0.3429, Valid Loss: 0.3400, Valid Accuracy: 0.9733, Valid Precision: 0.9857, Valid Recall: 0.9587
[20:48:00] Epoch [8/10], Step [2144/2144], Train Loss: 0.3400, Valid Loss: 0.3400, Valid Accuracy: 0.9733, Valid Precision: 0.9857, Valid Recall: 0.9587
[20:48:13] Epoch [9/10], Step [100/2144], Train Loss: 0.3423, Valid Loss: 0.3400, Valid Accuracy: 0.9733, Valid Precision: 0.9857, Valid Recall: 0.9587
[20:48:26] Epoch [9/10], Step [200/2144], Train Loss: 0.3398, Valid Loss: 0.3400, Valid Accuracy: 0.9733, Valid Precision: 0.9857, Valid Recall: 0.9587
[20:48:40] Epoch [9/10], Step [300/2144], Train Loss: 0.3426, Valid Loss: 0.3400, Valid Accuracy: 0.9733, Valid Precision: 0.9857, Valid Recall: 0.9587
[20:48:53] Epoch [9/10], Step [400/2144], Train Loss: 0.3429, Valid Loss: 0.3400, Valid Accuracy: 0.9733, Valid Precision: 0.9857, Valid Recall: 0.9587
[20:49:06] Epoch [9/10], Step [500/2144], Train Loss: 0.3428, Valid Loss: 0.3400, Valid Accuracy: 0.9733, Valid Precision: 0.9857, Valid Recall: 0.9587
[20:49:19] Epoch [9/10], Step [600/2144], Train Loss: 0.3420, Valid Loss: 0.3400, Valid Accuracy: 0.9733, Valid Precision: 0.9857, Valid Recall: 0.9587
[20:49:32] Epoch [9/10], Step [700/2144], Train Loss: 0.3415, Valid Loss: 0.3400, Valid Accuracy: 0.9733, Valid Precision: 0.9857, Valid Recall: 0.9587
[20:49:45] Epoch [9/10], Step [800/2144], Train Loss: 0.3406, Valid Loss: 0.3400, Valid Accuracy: 0.9733, Valid Precision: 0.9857, Valid Recall: 0.9587
[20:49:58] Epoch [9/10], Step [900/2144], Train Loss: 0.3421, Valid Loss: 0.3400, Valid Accuracy: 0.9733, Valid Precision: 0.9857, Valid Recall: 0.9587
[20:50:11] Epoch [9/10], Step [1000/2144], Train Loss: 0.3419, Valid Loss: 0.3400, Valid Accuracy: 0.9733, Valid Precision: 0.9857, Valid Recall: 0.9587
[20:50:24] Epoch [9/10], Step [1100/2144], Train Loss: 0.3427, Valid Loss: 0.3400, Valid Accuracy: 0.9733, Valid Precision: 0.9857, Valid Recall: 0.9587
[20:50:38] Epoch [9/10], Step [1200/2144], Train Loss: 0.3426, Valid Loss: 0.3400, Valid Accuracy: 0.9733, Valid Precision: 0.9857, Valid Recall: 0.9587
[20:50:51] Epoch [9/10], Step [1300/2144], Train Loss: 0.3423, Valid Loss: 0.3400, Valid Accuracy: 0.9733, Valid Precision: 0.9857, Valid Recall: 0.9587
[20:51:04] Epoch [9/10], Step [1400/2144], Train Loss: 0.3422, Valid Loss: 0.3400, Valid Accuracy: 0.9733, Valid Precision: 0.9857, Valid Recall: 0.9587
[20:51:17] Epoch [9/10], Step [1500/2144], Train Loss: 0.3424, Valid Loss: 0.3400, Valid Accuracy: 0.9733, Valid Precision: 0.9857, Valid Recall: 0.9587
[20:51:30] Epoch [9/10], Step [1600/2144], Train Loss: 0.3426, Valid Loss: 0.3400, Valid Accuracy: 0.9733, Valid Precision: 0.9857, Valid Recall: 0.9587
[20:51:43] Epoch [9/10], Step [1700/2144], Train Loss: 0.3409, Valid Loss: 0.3400, Valid Accuracy: 0.9733, Valid Precision: 0.9857, Valid Recall: 0.9587
[20:51:56] Epoch [9/10], Step [1800/2144], Train Loss: 0.3417, Valid Loss: 0.3400, Valid Accuracy: 0.9733, Valid Precision: 0.9857, Valid Recall: 0.9587
[20:52:09] Epoch [9/10], Step [1900/2144], Train Loss: 0.3419, Valid Loss: 0.3400, Valid Accuracy: 0.9733, Valid Precision: 0.9857, Valid Recall: 0.9587
[20:52:22] Epoch [9/10], Step [2000/2144], Train Loss: 0.3415, Valid Loss: 0.3400, Valid Accuracy: 0.9733, Valid Precision: 0.9857, Valid Recall: 0.9587
[20:52:35] Epoch [9/10], Step [2100/2144], Train Loss: 0.3415, Valid Loss: 0.3400, Valid Accuracy: 0.9733, Valid Precision: 0.9857, Valid Recall: 0.9587
[20:52:47] Epoch [9/10], Step [2144/2144], Train Loss: 0.3399, Valid Loss: 0.3400, Valid Accuracy: 0.9733, Valid Precision: 0.9857, Valid Recall: 0.9587
[20:53:00] Epoch [10/10], Step [100/2144], Train Loss: 0.3409, Valid Loss: 0.3400, Valid Accuracy: 0.9733, Valid Precision: 0.9857, Valid Recall: 0.9587
[20:53:13] Epoch [10/10], Step [200/2144], Train Loss: 0.3423, Valid Loss: 0.3400, Valid Accuracy: 0.9733, Valid Precision: 0.9857, Valid Recall: 0.9587
[20:53:26] Epoch [10/10], Step [300/2144], Train Loss: 0.3426, Valid Loss: 0.3400, Valid Accuracy: 0.9733, Valid Precision: 0.9857, Valid Recall: 0.9587
[20:53:40] Epoch [10/10], Step [400/2144], Train Loss: 0.3430, Valid Loss: 0.3400, Valid Accuracy: 0.9733, Valid Precision: 0.9857, Valid Recall: 0.9587
[20:53:53] Epoch [10/10], Step [500/2144], Train Loss: 0.3417, Valid Loss: 0.3400, Valid Accuracy: 0.9733, Valid Precision: 0.9857, Valid Recall: 0.9587
[20:54:06] Epoch [10/10], Step [600/2144], Train Loss: 0.3424, Valid Loss: 0.3400, Valid Accuracy: 0.9733, Valid Precision: 0.9857, Valid Recall: 0.9587
[20:54:19] Epoch [10/10], Step [700/2144], Train Loss: 0.3420, Valid Loss: 0.3400, Valid Accuracy: 0.9733, Valid Precision: 0.9857, Valid Recall: 0.9587
[20:54:32] Epoch [10/10], Step [800/2144], Train Loss: 0.3427, Valid Loss: 0.3400, Valid Accuracy: 0.9733, Valid Precision: 0.9857, Valid Recall: 0.9587
[20:54:45] Epoch [10/10], Step [900/2144], Train Loss: 0.3416, Valid Loss: 0.3400, Valid Accuracy: 0.9733, Valid Precision: 0.9857, Valid Recall: 0.9587
[20:54:58] Epoch [10/10], Step [1000/2144], Train Loss: 0.3410, Valid Loss: 0.3400, Valid Accuracy: 0.9733, Valid Precision: 0.9857, Valid Recall: 0.9587
[20:55:11] Epoch [10/10], Step [1100/2144], Train Loss: 0.3416, Valid Loss: 0.3400, Valid Accuracy: 0.9733, Valid Precision: 0.9857, Valid Recall: 0.9587
[20:55:25] Epoch [10/10], Step [1200/2144], Train Loss: 0.3429, Valid Loss: 0.3400, Valid Accuracy: 0.9733, Valid Precision: 0.9857, Valid Recall: 0.9587
[20:55:38] Epoch [10/10], Step [1300/2144], Train Loss: 0.3410, Valid Loss: 0.3400, Valid Accuracy: 0.9733, Valid Precision: 0.9857, Valid Recall: 0.9587
[20:55:51] Epoch [10/10], Step [1400/2144], Train Loss: 0.3420, Valid Loss: 0.3400, Valid Accuracy: 0.9733, Valid Precision: 0.9857, Valid Recall: 0.9587
[20:56:04] Epoch [10/10], Step [1500/2144], Train Loss: 0.3410, Valid Loss: 0.3400, Valid Accuracy: 0.9733, Valid Precision: 0.9857, Valid Recall: 0.9587
[20:56:17] Epoch [10/10], Step [1600/2144], Train Loss: 0.3415, Valid Loss: 0.3400, Valid Accuracy: 0.9733, Valid Precision: 0.9857, Valid Recall: 0.9587
[20:56:30] Epoch [10/10], Step [1700/2144], Train Loss: 0.3419, Valid Loss: 0.3400, Valid Accuracy: 0.9733, Valid Precision: 0.9857, Valid Recall: 0.9587
[20:56:43] Epoch [10/10], Step [1800/2144], Train Loss: 0.3425, Valid Loss: 0.3400, Valid Accuracy: 0.9733, Valid Precision: 0.9857, Valid Recall: 0.9587
[20:56:56] Epoch [10/10], Step [1900/2144], Train Loss: 0.3424, Valid Loss: 0.3400, Valid Accuracy: 0.9733, Valid Precision: 0.9857, Valid Recall: 0.9587
[20:57:09] Epoch [10/10], Step [2000/2144], Train Loss: 0.3422, Valid Loss: 0.3400, Valid Accuracy: 0.9733, Valid Precision: 0.9857, Valid Recall: 0.9587
[20:57:23] Epoch [10/10], Step [2100/2144], Train Loss: 0.3415, Valid Loss: 0.3400, Valid Accuracy: 0.9733, Valid Precision: 0.9857, Valid Recall: 0.9587
[20:57:34] Epoch [10/10], Step [2144/2144], Train Loss: 0.3405, Valid Loss: 0.3400, Valid Accuracy: 0.9733, Valid Precision: 0.9857, Valid Recall: 0.9587
[20:57:34] Training finished
[20:57:35] training end, time cost: 4396.35863161087s
